Jul 07, 2016 11:02:31 AM org.apache.catalina.startup.VersionLoggerListener log
INFO: Server version:        Apache Tomcat/7.0.69
Jul 07, 2016 11:02:31 AM org.apache.catalina.startup.VersionLoggerListener log
INFO: Server built:          Apr 11 2016 07:57:09 UTC
Jul 07, 2016 11:02:31 AM org.apache.catalina.startup.VersionLoggerListener log
INFO: Server number:         7.0.69.0
Jul 07, 2016 11:02:31 AM org.apache.catalina.startup.VersionLoggerListener log
INFO: OS Name:               Linux
Jul 07, 2016 11:02:31 AM org.apache.catalina.startup.VersionLoggerListener log
INFO: OS Version:            2.6.32-504.8.1.el6.x86_64
Jul 07, 2016 11:02:31 AM org.apache.catalina.startup.VersionLoggerListener log
INFO: Architecture:          amd64
Jul 07, 2016 11:02:31 AM org.apache.catalina.startup.VersionLoggerListener log
INFO: Java Home:             /usr/java/jdk1.7.0_80/jre
Jul 07, 2016 11:02:31 AM org.apache.catalina.startup.VersionLoggerListener log
INFO: JVM Version:           1.7.0_80-b15
Jul 07, 2016 11:02:31 AM org.apache.catalina.startup.VersionLoggerListener log
INFO: JVM Vendor:            Oracle Corporation
Jul 07, 2016 11:02:31 AM org.apache.catalina.startup.VersionLoggerListener log
INFO: CATALINA_BASE:         /vagrant/apache-tomcat-7.0.69
Jul 07, 2016 11:02:31 AM org.apache.catalina.startup.VersionLoggerListener log
INFO: CATALINA_HOME:         /vagrant/apache-tomcat-7.0.69
Jul 07, 2016 11:02:31 AM org.apache.catalina.startup.VersionLoggerListener log
INFO: Command line argument: -Djava.util.logging.config.file=/vagrant/apache-tomcat-7.0.69/conf/logging.properties
Jul 07, 2016 11:02:31 AM org.apache.catalina.startup.VersionLoggerListener log
INFO: Command line argument: -Djava.util.logging.manager=org.apache.juli.ClassLoaderLogManager
Jul 07, 2016 11:02:31 AM org.apache.catalina.startup.VersionLoggerListener log
INFO: Command line argument: -Djdk.tls.ephemeralDHKeySize=2048
Jul 07, 2016 11:02:31 AM org.apache.catalina.startup.VersionLoggerListener log
INFO: Command line argument: -Dcom.sun.management.jmxremote
Jul 07, 2016 11:02:31 AM org.apache.catalina.startup.VersionLoggerListener log
INFO: Command line argument: -Dcom.sun.management.jmxremote.port=8999
Jul 07, 2016 11:02:31 AM org.apache.catalina.startup.VersionLoggerListener log
INFO: Command line argument: -Dcom.sun.management.jmxremote.ssl=false
Jul 07, 2016 11:02:31 AM org.apache.catalina.startup.VersionLoggerListener log
INFO: Command line argument: -Dcom.sun.management.jmxremote.authenticate=false
Jul 07, 2016 11:02:31 AM org.apache.catalina.startup.VersionLoggerListener log
INFO: Command line argument: -Djava.rmi.server.hostname=localhost
Jul 07, 2016 11:02:31 AM org.apache.catalina.startup.VersionLoggerListener log
INFO: Command line argument: -Djava.endorsed.dirs=/vagrant/apache-tomcat-7.0.69/endorsed
Jul 07, 2016 11:02:31 AM org.apache.catalina.startup.VersionLoggerListener log
INFO: Command line argument: -Dcatalina.base=/vagrant/apache-tomcat-7.0.69
Jul 07, 2016 11:02:31 AM org.apache.catalina.startup.VersionLoggerListener log
INFO: Command line argument: -Dcatalina.home=/vagrant/apache-tomcat-7.0.69
Jul 07, 2016 11:02:31 AM org.apache.catalina.startup.VersionLoggerListener log
INFO: Command line argument: -Djava.io.tmpdir=/vagrant/apache-tomcat-7.0.69/temp
Jul 07, 2016 11:02:31 AM org.apache.catalina.core.AprLifecycleListener lifecycleEvent
INFO: The APR based Apache Tomcat Native library which allows optimal performance in production environments was not found on the java.library.path: /usr/java/packages/lib/amd64:/usr/lib64:/lib64:/lib:/usr/lib
Jul 07, 2016 11:02:31 AM org.apache.coyote.AbstractProtocol init
INFO: Initializing ProtocolHandler ["http-bio-8080"]
Jul 07, 2016 11:02:31 AM org.apache.coyote.AbstractProtocol init
INFO: Initializing ProtocolHandler ["ajp-bio-8009"]
Jul 07, 2016 11:02:31 AM org.apache.catalina.startup.Catalina load
INFO: Initialization processed in 1677 ms
Jul 07, 2016 11:02:31 AM org.apache.catalina.core.StandardService startInternal
INFO: Starting service Catalina
Jul 07, 2016 11:02:31 AM org.apache.catalina.core.StandardEngine startInternal
INFO: Starting Servlet Engine: Apache Tomcat/7.0.69
Jul 07, 2016 11:02:32 AM org.apache.catalina.startup.HostConfig deployDirectory
INFO: Deploying web application directory /vagrant/apache-tomcat-7.0.69/webapps/docs
Jul 07, 2016 11:02:33 AM org.apache.catalina.startup.HostConfig deployDirectory
INFO: Deployment of web application directory /vagrant/apache-tomcat-7.0.69/webapps/docs has finished in 1,454 ms
Jul 07, 2016 11:02:33 AM org.apache.catalina.startup.HostConfig deployDirectory
INFO: Deploying web application directory /vagrant/apache-tomcat-7.0.69/webapps/examples
Jul 07, 2016 11:02:36 AM org.apache.catalina.startup.HostConfig deployDirectory
INFO: Deployment of web application directory /vagrant/apache-tomcat-7.0.69/webapps/examples has finished in 3,097 ms
Jul 07, 2016 11:02:36 AM org.apache.catalina.startup.HostConfig deployDirectory
INFO: Deploying web application directory /vagrant/apache-tomcat-7.0.69/webapps/host-manager
Jul 07, 2016 11:02:36 AM org.apache.catalina.startup.HostConfig deployDirectory
INFO: Deployment of web application directory /vagrant/apache-tomcat-7.0.69/webapps/host-manager has finished in 318 ms
Jul 07, 2016 11:02:36 AM org.apache.catalina.startup.HostConfig deployDirectory
INFO: Deploying web application directory /vagrant/apache-tomcat-7.0.69/webapps/manager
Jul 07, 2016 11:02:37 AM org.apache.catalina.startup.HostConfig deployDirectory
INFO: Deployment of web application directory /vagrant/apache-tomcat-7.0.69/webapps/manager has finished in 282 ms
Jul 07, 2016 11:02:37 AM org.apache.catalina.startup.HostConfig deployDirectory
INFO: Deploying web application directory /vagrant/apache-tomcat-7.0.69/webapps/ROOT
Jul 07, 2016 11:02:37 AM org.apache.catalina.startup.HostConfig deployDirectory
INFO: Deployment of web application directory /vagrant/apache-tomcat-7.0.69/webapps/ROOT has finished in 300 ms
Jul 07, 2016 11:02:37 AM org.apache.coyote.AbstractProtocol start
INFO: Starting ProtocolHandler ["http-bio-8080"]
Jul 07, 2016 11:02:37 AM org.apache.coyote.AbstractProtocol start
INFO: Starting ProtocolHandler ["ajp-bio-8009"]
Jul 07, 2016 11:02:37 AM org.apache.catalina.startup.Catalina start
INFO: Server startup in 5646 ms
Jul 07, 2016 11:44:42 AM org.apache.catalina.startup.VersionLoggerListener log
INFO: Server version:        Apache Tomcat/7.0.69
Jul 07, 2016 11:44:42 AM org.apache.catalina.startup.VersionLoggerListener log
INFO: Server built:          Apr 11 2016 07:57:09 UTC
Jul 07, 2016 11:44:42 AM org.apache.catalina.startup.VersionLoggerListener log
INFO: Server number:         7.0.69.0
Jul 07, 2016 11:44:42 AM org.apache.catalina.startup.VersionLoggerListener log
INFO: OS Name:               Linux
Jul 07, 2016 11:44:42 AM org.apache.catalina.startup.VersionLoggerListener log
INFO: OS Version:            2.6.32-504.8.1.el6.x86_64
Jul 07, 2016 11:44:42 AM org.apache.catalina.startup.VersionLoggerListener log
INFO: Architecture:          amd64
Jul 07, 2016 11:44:42 AM org.apache.catalina.startup.VersionLoggerListener log
INFO: Java Home:             /usr/java/jdk1.7.0_80/jre
Jul 07, 2016 11:44:42 AM org.apache.catalina.startup.VersionLoggerListener log
INFO: JVM Version:           1.7.0_80-b15
Jul 07, 2016 11:44:42 AM org.apache.catalina.startup.VersionLoggerListener log
INFO: JVM Vendor:            Oracle Corporation
Jul 07, 2016 11:44:42 AM org.apache.catalina.startup.VersionLoggerListener log
INFO: CATALINA_BASE:         /vagrant/apache-tomcat-7.0.69
Jul 07, 2016 11:44:42 AM org.apache.catalina.startup.VersionLoggerListener log
INFO: CATALINA_HOME:         /vagrant/apache-tomcat-7.0.69
Jul 07, 2016 11:44:42 AM org.apache.catalina.startup.VersionLoggerListener log
INFO: Command line argument: -Djava.util.logging.config.file=/vagrant/apache-tomcat-7.0.69/conf/logging.properties
Jul 07, 2016 11:44:42 AM org.apache.catalina.startup.VersionLoggerListener log
INFO: Command line argument: -Djava.util.logging.manager=org.apache.juli.ClassLoaderLogManager
Jul 07, 2016 11:44:42 AM org.apache.catalina.startup.VersionLoggerListener log
INFO: Command line argument: -Djdk.tls.ephemeralDHKeySize=2048
Jul 07, 2016 11:44:42 AM org.apache.catalina.startup.VersionLoggerListener log
INFO: Command line argument: -Dcom.sun.management.jmxremote
Jul 07, 2016 11:44:42 AM org.apache.catalina.startup.VersionLoggerListener log
INFO: Command line argument: -Dcom.sun.management.jmxremote.port=8999
Jul 07, 2016 11:44:42 AM org.apache.catalina.startup.VersionLoggerListener log
INFO: Command line argument: -Dcom.sun.management.jmxremote.ssl=false
Jul 07, 2016 11:44:42 AM org.apache.catalina.startup.VersionLoggerListener log
INFO: Command line argument: -Dcom.sun.management.jmxremote.authenticate=false
Jul 07, 2016 11:44:42 AM org.apache.catalina.startup.VersionLoggerListener log
INFO: Command line argument: -Djava.rmi.server.hostname=localhost
Jul 07, 2016 11:44:42 AM org.apache.catalina.startup.VersionLoggerListener log
INFO: Command line argument: -Djava.endorsed.dirs=/vagrant/apache-tomcat-7.0.69/endorsed
Jul 07, 2016 11:44:42 AM org.apache.catalina.startup.VersionLoggerListener log
INFO: Command line argument: -Dcatalina.base=/vagrant/apache-tomcat-7.0.69
Jul 07, 2016 11:44:42 AM org.apache.catalina.startup.VersionLoggerListener log
INFO: Command line argument: -Dcatalina.home=/vagrant/apache-tomcat-7.0.69
Jul 07, 2016 11:44:42 AM org.apache.catalina.startup.VersionLoggerListener log
INFO: Command line argument: -Djava.io.tmpdir=/vagrant/apache-tomcat-7.0.69/temp
Jul 07, 2016 11:44:42 AM org.apache.catalina.core.AprLifecycleListener lifecycleEvent
INFO: The APR based Apache Tomcat Native library which allows optimal performance in production environments was not found on the java.library.path: /usr/java/packages/lib/amd64:/usr/lib64:/lib64:/lib:/usr/lib
Jul 07, 2016 11:44:42 AM org.apache.coyote.AbstractProtocol init
INFO: Initializing ProtocolHandler ["http-bio-8080"]
Jul 07, 2016 11:44:42 AM org.apache.coyote.AbstractProtocol init
INFO: Initializing ProtocolHandler ["ajp-bio-8009"]
Jul 07, 2016 11:44:42 AM org.apache.catalina.startup.Catalina load
INFO: Initialization processed in 1697 ms
Jul 07, 2016 11:44:43 AM org.apache.catalina.core.StandardService startInternal
INFO: Starting service Catalina
Jul 07, 2016 11:44:43 AM org.apache.catalina.core.StandardEngine startInternal
INFO: Starting Servlet Engine: Apache Tomcat/7.0.69
Jul 07, 2016 11:44:43 AM org.apache.catalina.startup.HostConfig deployDirectory
INFO: Deploying web application directory /vagrant/apache-tomcat-7.0.69/webapps/docs
Jul 07, 2016 11:44:44 AM org.apache.catalina.startup.HostConfig deployDirectory
INFO: Deployment of web application directory /vagrant/apache-tomcat-7.0.69/webapps/docs has finished in 1,608 ms
Jul 07, 2016 11:44:44 AM org.apache.catalina.startup.HostConfig deployDirectory
INFO: Deploying web application directory /vagrant/apache-tomcat-7.0.69/webapps/examples
Jul 07, 2016 11:44:47 AM org.apache.catalina.startup.HostConfig deployDirectory
INFO: Deployment of web application directory /vagrant/apache-tomcat-7.0.69/webapps/examples has finished in 3,248 ms
Jul 07, 2016 11:44:47 AM org.apache.catalina.startup.HostConfig deployDirectory
INFO: Deploying web application directory /vagrant/apache-tomcat-7.0.69/webapps/host-manager
Jul 07, 2016 11:44:48 AM org.apache.catalina.startup.HostConfig deployDirectory
INFO: Deployment of web application directory /vagrant/apache-tomcat-7.0.69/webapps/host-manager has finished in 283 ms
Jul 07, 2016 11:44:48 AM org.apache.catalina.startup.HostConfig deployDirectory
INFO: Deploying web application directory /vagrant/apache-tomcat-7.0.69/webapps/manager
Jul 07, 2016 11:44:48 AM org.apache.catalina.startup.HostConfig deployDirectory
INFO: Deployment of web application directory /vagrant/apache-tomcat-7.0.69/webapps/manager has finished in 283 ms
Jul 07, 2016 11:44:48 AM org.apache.catalina.startup.HostConfig deployDirectory
INFO: Deploying web application directory /vagrant/apache-tomcat-7.0.69/webapps/ROOT
Jul 07, 2016 11:44:48 AM org.apache.catalina.startup.HostConfig deployDirectory
INFO: Deployment of web application directory /vagrant/apache-tomcat-7.0.69/webapps/ROOT has finished in 279 ms
Jul 07, 2016 11:44:48 AM org.apache.coyote.AbstractProtocol start
INFO: Starting ProtocolHandler ["http-bio-8080"]
Jul 07, 2016 11:44:48 AM org.apache.coyote.AbstractProtocol start
INFO: Starting ProtocolHandler ["ajp-bio-8009"]
Jul 07, 2016 11:44:48 AM org.apache.catalina.startup.Catalina start
INFO: Server startup in 5897 ms
Jul 07, 2016 11:59:13 AM org.apache.catalina.startup.VersionLoggerListener log
INFO: Server version:        Apache Tomcat/7.0.69
Jul 07, 2016 11:59:13 AM org.apache.catalina.startup.VersionLoggerListener log
INFO: Server built:          Apr 11 2016 07:57:09 UTC
Jul 07, 2016 11:59:13 AM org.apache.catalina.startup.VersionLoggerListener log
INFO: Server number:         7.0.69.0
Jul 07, 2016 11:59:13 AM org.apache.catalina.startup.VersionLoggerListener log
INFO: OS Name:               Linux
Jul 07, 2016 11:59:13 AM org.apache.catalina.startup.VersionLoggerListener log
INFO: OS Version:            2.6.32-504.8.1.el6.x86_64
Jul 07, 2016 11:59:13 AM org.apache.catalina.startup.VersionLoggerListener log
INFO: Architecture:          amd64
Jul 07, 2016 11:59:13 AM org.apache.catalina.startup.VersionLoggerListener log
INFO: Java Home:             /usr/java/jdk1.7.0_80/jre
Jul 07, 2016 11:59:13 AM org.apache.catalina.startup.VersionLoggerListener log
INFO: JVM Version:           1.7.0_80-b15
Jul 07, 2016 11:59:13 AM org.apache.catalina.startup.VersionLoggerListener log
INFO: JVM Vendor:            Oracle Corporation
Jul 07, 2016 11:59:13 AM org.apache.catalina.startup.VersionLoggerListener log
INFO: CATALINA_BASE:         /vagrant/apache-tomcat-7.0.69
Jul 07, 2016 11:59:13 AM org.apache.catalina.startup.VersionLoggerListener log
INFO: CATALINA_HOME:         /vagrant/apache-tomcat-7.0.69
Jul 07, 2016 11:59:13 AM org.apache.catalina.startup.VersionLoggerListener log
INFO: Command line argument: -Djava.util.logging.config.file=/vagrant/apache-tomcat-7.0.69/conf/logging.properties
Jul 07, 2016 11:59:13 AM org.apache.catalina.startup.VersionLoggerListener log
INFO: Command line argument: -Djava.util.logging.manager=org.apache.juli.ClassLoaderLogManager
Jul 07, 2016 11:59:13 AM org.apache.catalina.startup.VersionLoggerListener log
INFO: Command line argument: -Djdk.tls.ephemeralDHKeySize=2048
Jul 07, 2016 11:59:13 AM org.apache.catalina.startup.VersionLoggerListener log
INFO: Command line argument: -Dcom.sun.management.jmxremote
Jul 07, 2016 11:59:13 AM org.apache.catalina.startup.VersionLoggerListener log
INFO: Command line argument: -Dcom.sun.management.jmxremote.port=8999
Jul 07, 2016 11:59:13 AM org.apache.catalina.startup.VersionLoggerListener log
INFO: Command line argument: -Dcom.sun.management.jmxremote.ssl=false
Jul 07, 2016 11:59:13 AM org.apache.catalina.startup.VersionLoggerListener log
INFO: Command line argument: -Dcom.sun.management.jmxremote.authenticate=false
Jul 07, 2016 11:59:13 AM org.apache.catalina.startup.VersionLoggerListener log
INFO: Command line argument: -Djava.rmi.server.hostname=localhost
Jul 07, 2016 11:59:13 AM org.apache.catalina.startup.VersionLoggerListener log
INFO: Command line argument: -Djava.endorsed.dirs=/vagrant/apache-tomcat-7.0.69/endorsed
Jul 07, 2016 11:59:13 AM org.apache.catalina.startup.VersionLoggerListener log
INFO: Command line argument: -Dcatalina.base=/vagrant/apache-tomcat-7.0.69
Jul 07, 2016 11:59:13 AM org.apache.catalina.startup.VersionLoggerListener log
INFO: Command line argument: -Dcatalina.home=/vagrant/apache-tomcat-7.0.69
Jul 07, 2016 11:59:13 AM org.apache.catalina.startup.VersionLoggerListener log
INFO: Command line argument: -Djava.io.tmpdir=/vagrant/apache-tomcat-7.0.69/temp
Jul 07, 2016 11:59:13 AM org.apache.catalina.core.AprLifecycleListener lifecycleEvent
INFO: The APR based Apache Tomcat Native library which allows optimal performance in production environments was not found on the java.library.path: /usr/java/packages/lib/amd64:/usr/lib64:/lib64:/lib:/usr/lib
Jul 07, 2016 11:59:13 AM org.apache.coyote.AbstractProtocol init
INFO: Initializing ProtocolHandler ["http-bio-8080"]
Jul 07, 2016 11:59:13 AM org.apache.coyote.AbstractProtocol init
INFO: Initializing ProtocolHandler ["ajp-bio-8009"]
Jul 07, 2016 11:59:13 AM org.apache.catalina.startup.Catalina load
INFO: Initialization processed in 1606 ms
Jul 07, 2016 11:59:13 AM org.apache.catalina.core.StandardService startInternal
INFO: Starting service Catalina
Jul 07, 2016 11:59:13 AM org.apache.catalina.core.StandardEngine startInternal
INFO: Starting Servlet Engine: Apache Tomcat/7.0.69
Jul 07, 2016 11:59:13 AM org.apache.catalina.startup.HostConfig deployDirectory
INFO: Deploying web application directory /vagrant/apache-tomcat-7.0.69/webapps/docs
Jul 07, 2016 11:59:15 AM org.apache.catalina.startup.HostConfig deployDirectory
INFO: Deployment of web application directory /vagrant/apache-tomcat-7.0.69/webapps/docs has finished in 1,401 ms
Jul 07, 2016 11:59:15 AM org.apache.catalina.startup.HostConfig deployDirectory
INFO: Deploying web application directory /vagrant/apache-tomcat-7.0.69/webapps/examples
Jul 07, 2016 11:59:18 AM org.apache.catalina.startup.HostConfig deployDirectory
INFO: Deployment of web application directory /vagrant/apache-tomcat-7.0.69/webapps/examples has finished in 2,961 ms
Jul 07, 2016 11:59:18 AM org.apache.catalina.startup.HostConfig deployDirectory
INFO: Deploying web application directory /vagrant/apache-tomcat-7.0.69/webapps/host-manager
Jul 07, 2016 11:59:18 AM org.apache.catalina.startup.HostConfig deployDirectory
INFO: Deployment of web application directory /vagrant/apache-tomcat-7.0.69/webapps/host-manager has finished in 356 ms
Jul 07, 2016 11:59:18 AM org.apache.catalina.startup.HostConfig deployDirectory
INFO: Deploying web application directory /vagrant/apache-tomcat-7.0.69/webapps/manager
Jul 07, 2016 11:59:18 AM org.apache.catalina.startup.HostConfig deployDirectory
INFO: Deployment of web application directory /vagrant/apache-tomcat-7.0.69/webapps/manager has finished in 345 ms
Jul 07, 2016 11:59:18 AM org.apache.catalina.startup.HostConfig deployDirectory
INFO: Deploying web application directory /vagrant/apache-tomcat-7.0.69/webapps/ROOT
Jul 07, 2016 11:59:19 AM org.apache.catalina.startup.HostConfig deployDirectory
INFO: Deployment of web application directory /vagrant/apache-tomcat-7.0.69/webapps/ROOT has finished in 297 ms
Jul 07, 2016 11:59:19 AM org.apache.coyote.AbstractProtocol start
INFO: Starting ProtocolHandler ["http-bio-8080"]
Jul 07, 2016 11:59:19 AM org.apache.coyote.AbstractProtocol start
INFO: Starting ProtocolHandler ["ajp-bio-8009"]
Jul 07, 2016 11:59:19 AM org.apache.catalina.startup.Catalina start
INFO: Server startup in 5567 ms
